2020-05-28 14:01:00.340 [main] DEBUG cn.edu.hznu.dao.IProductDao.updateProduct - ==>  Preparing: UPDATE tb_product SET product_name=?, priority=?, last_edit_time=?, enable_status=?, point=? WHERE product_id = ? AND shop_id=? 
2020-05-28 14:01:00.501 [main] DEBUG cn.edu.hznu.dao.IProductDao.updateProduct - ==> Parameters: 甘露(String), 10(Integer), 2020-05-28 14:00:59.645(Timestamp), 1(Integer), 20(Integer), 7(Long), 1(Long)
2020-05-28 14:01:00.513 [main] DEBUG cn.edu.hznu.dao.IProductDao.updateProduct - <==    Updates: 1
2020-05-28 14:23:05.704 [main] DEBUG cn.edu.hznu.dao.IProductDao.queryProductList - ==>  Preparing: SELECT product_id, product_name, product_desc, img_addr, normal_price, promotion_price, priority, create_time, last_edit_time, enable_status, point, product_category_id, shop_id FROM tb_product WHERE shop_id = ? ORDER BY priority DESC LIMIT ?,?; 
2020-05-28 14:23:05.798 [main] DEBUG cn.edu.hznu.dao.IProductDao.queryProductList - ==> Parameters: 17(Long), 0(Integer), 999(Integer)
2020-05-28 14:23:05.830 [main] DEBUG cn.edu.hznu.dao.IProductDao.queryProductList - <==      Total: 0
2020-05-30 12:44:41.911 [main] DEBUG cn.edu.hznu.dao.IAuthDao.login - ==>  Preparing: select * from tb_local_auth where username=? and password=? 
2020-05-30 12:44:41.979 [main] DEBUG cn.edu.hznu.dao.IAuthDao.login - ==> Parameters: wjj(String), 199945(String)
2020-05-30 12:44:42.008 [main] DEBUG cn.edu.hznu.dao.IAuthDao.login - <==      Total: 1
2020-05-30 16:51:27.854 [main] DEBUG c.e.hznu.dao.IProductImgDao.batchInsertProductImg - ==>  Preparing: INSERT INTO tb_product_img(img_addr,img_desc,priority, create_time,product_id) VALUES ( ?, ?, ?, ?, ? ) , ( ?, ?, ?, ?, ? ) 
2020-05-30 16:51:27.980 [main] DEBUG c.e.hznu.dao.IProductImgDao.batchInsertProductImg - ==> Parameters: test1(String), test1(String), null, 2020-05-30 16:51:27.383(Timestamp), 7(Long), test2(String), test2(String), null, 2020-05-30 16:51:27.383(Timestamp), 7(Long)
2020-05-30 16:51:27.999 [main] DEBUG c.e.hznu.dao.IProductImgDao.batchInsertProductImg - <==    Updates: 2
2020-05-30 18:11:25.191 [main] DEBUG cn.edu.hznu.dao.IProductDao.insertProduct - ==>  Preparing: INSERT INTO tb_product(product_name,product_desc,img_addr, normal_price,promotion_price,priority,create_time, last_edit_time,enable_status,point,product_category_id, shop_id) VALUES (?,?,?, ?,?,?,?, ?,?,?,?, ?) 
2020-05-30 18:11:25.264 [main] DEBUG cn.edu.hznu.dao.IProductDao.insertProduct - ==> Parameters: 测试插入商品(String), 测试插入商品(String), \1\6d4696e.jpg(String), null, null, null, 2020-05-30 18:11:25.04(Timestamp), 2020-05-30 18:11:25.04(Timestamp), 1(Integer), null, 12(Long), 1(Long)
2020-05-30 18:11:42.700 [main] DEBUG cn.edu.hznu.dao.IProductDao.insertProduct - ==>  Preparing: INSERT INTO tb_product(product_name,product_desc,img_addr, normal_price,promotion_price,priority,create_time, last_edit_time,enable_status,point,product_category_id, shop_id) VALUES (?,?,?, ?,?,?,?, ?,?,?,?, ?) 
2020-05-30 18:11:42.750 [main] DEBUG cn.edu.hznu.dao.IProductDao.insertProduct - ==> Parameters: 测试插入商品(String), 测试插入商品(String), \20\9521056.jpg(String), null, null, null, 2020-05-30 18:11:42.608(Timestamp), 2020-05-30 18:11:42.608(Timestamp), 1(Integer), null, 12(Long), 20(Long)
2020-05-30 18:16:03.676 [main] DEBUG cn.edu.hznu.dao.IProductDao.insertProduct - ==>  Preparing: INSERT INTO tb_product(product_name,product_desc,img_addr, normal_price,promotion_price,priority,create_time, last_edit_time,enable_status,point,product_category_id, shop_id) VALUES (?,?,?, ?,?,?,?, ?,?,?,?, ?) 
2020-05-30 18:16:03.723 [main] DEBUG cn.edu.hznu.dao.IProductDao.insertProduct - ==> Parameters: 测试插入商品(String), 测试插入商品(String), \20\2c96d4ab-d2c0-4db8-a469-6a35b3a5b81f.jpg(String), null, null, null, 2020-05-30 18:16:03.528(Timestamp), 2020-05-30 18:16:03.528(Timestamp), 1(Integer), null, 12(Long), 20(Long)
2020-05-30 18:16:38.611 [main] DEBUG cn.edu.hznu.dao.IProductDao.insertProduct - ==>  Preparing: INSERT INTO tb_product(product_name,product_desc,img_addr, normal_price,promotion_price,priority,create_time, last_edit_time,enable_status,point,product_category_id, shop_id) VALUES (?,?,?, ?,?,?,?, ?,?,?,?, ?) 
2020-05-30 18:16:38.655 [main] DEBUG cn.edu.hznu.dao.IProductDao.insertProduct - ==> Parameters: 测试插入商品(String), 测试插入商品(String), \20\c492ba86-0b2d-44a4-a481-f78245c6b326.jpg(String), null, null, 20(Integer), 2020-05-30 18:16:38.529(Timestamp), 2020-05-30 18:16:38.529(Timestamp), 1(Integer), null, 12(Long), 20(Long)
2020-05-30 18:17:03.177 [main] DEBUG cn.edu.hznu.dao.IProductDao.insertProduct - ==>  Preparing: INSERT INTO tb_product(product_name,product_desc,img_addr, normal_price,promotion_price,priority,create_time, last_edit_time,enable_status,point,product_category_id, shop_id) VALUES (?,?,?, ?,?,?,?, ?,?,?,?, ?) 
2020-05-30 18:17:03.229 [main] DEBUG cn.edu.hznu.dao.IProductDao.insertProduct - ==> Parameters: 测试插入商品(String), 测试插入商品(String), \20\c966d673-dfb5-41cd-a324-d11f7f25ae88.jpg(String), null, null, 20(Integer), 2020-05-30 18:17:03.07(Timestamp), 2020-05-30 18:17:03.07(Timestamp), 1(Integer), 20(Integer), 12(Long), 20(Long)
2020-05-30 18:17:03.234 [main] DEBUG cn.edu.hznu.dao.IProductDao.insertProduct - <==    Updates: 1
2020-05-30 18:17:52.239 [main] DEBUG cn.edu.hznu.dao.IProductDao.insertProduct - ==>  Preparing: INSERT INTO tb_product(product_name,product_desc,img_addr, normal_price,promotion_price,priority,create_time, last_edit_time,enable_status,point,product_category_id, shop_id) VALUES (?,?,?, ?,?,?,?, ?,?,?,?, ?) 
2020-05-30 18:17:52.300 [main] DEBUG cn.edu.hznu.dao.IProductDao.insertProduct - ==> Parameters: 测试插入商品(String), 测试插入商品(String), \20\295a3f51-8f29-435c-bb99-a5859cabc562.jpg(String), null, null, 20(Integer), 2020-05-30 18:17:52.15(Timestamp), 2020-05-30 18:17:52.15(Timestamp), 1(Integer), 20(Integer), 12(Long), 20(Long)
2020-05-30 18:17:52.304 [main] DEBUG cn.edu.hznu.dao.IProductDao.insertProduct - <==    Updates: 1
2020-05-30 18:17:52.363 [main] DEBUG c.e.hznu.dao.IProductImgDao.batchInsertProductImg - ==>  Preparing: INSERT INTO tb_product_img(img_addr,img_desc,priority, create_time,product_id) VALUES ( ?, ?, ?, ?, ? ) , ( ?, ?, ?, ?, ? ) 
2020-05-30 18:17:52.364 [main] DEBUG c.e.hznu.dao.IProductImgDao.batchInsertProductImg - ==> Parameters: \20\ead42d5d-c041-460f-8f4c-a88891b5f031.jpg(String), null, null, 2020-05-30 18:17:52.321(Timestamp), 9(Long), \20\5cf4aeb5-6670-4b2b-affc-f33b7bd30e85.jpg(String), null, null, 2020-05-30 18:17:52.328(Timestamp), 9(Long)
2020-05-30 18:17:52.366 [main] DEBUG c.e.hznu.dao.IProductImgDao.batchInsertProductImg - <==    Updates: 2
2020-05-30 18:21:40.267 [main] DEBUG cn.edu.hznu.dao.IProductDao.insertProduct - ==>  Preparing: INSERT INTO tb_product(product_name,product_desc,img_addr, normal_price,promotion_price,priority,create_time, last_edit_time,enable_status,point,product_category_id, shop_id) VALUES (?,?,?, ?,?,?,?, ?,?,?,?, ?) 
2020-05-30 18:21:40.318 [main] DEBUG cn.edu.hznu.dao.IProductDao.insertProduct - ==> Parameters: 测试插入商品(String), 测试插入商品(String), \20\821044bf-71db-4f0f-8834-33b5c7e31f31.jpg(String), null, null, 20(Integer), 2020-05-30 18:21:40.18(Timestamp), 2020-05-30 18:21:40.18(Timestamp), 1(Integer), 20(Integer), 12(Long), 20(Long)
2020-05-30 18:21:40.321 [main] DEBUG cn.edu.hznu.dao.IProductDao.insertProduct - <==    Updates: 1
2020-05-30 18:21:40.416 [main] DEBUG c.e.hznu.dao.IProductImgDao.batchInsertProductImg - ==>  Preparing: INSERT INTO tb_product_img(img_addr,img_desc,priority, create_time,product_id) VALUES ( ?, ?, ?, ?, ? ) , ( ?, ?, ?, ?, ? ) 
2020-05-30 18:21:40.420 [main] DEBUG c.e.hznu.dao.IProductImgDao.batchInsertProductImg - ==> Parameters: \20\063fab8e-f9a9-4c53-bfc3-0f1003a5370c.jpg(String), null, null, 2020-05-30 18:21:40.342(Timestamp), 10(Long), \20\7383baf9-e01e-4762-a9c5-935b065393c9.jpg(String), null, null, 2020-05-30 18:21:40.358(Timestamp), 10(Long)
2020-05-30 18:21:40.422 [main] DEBUG c.e.hznu.dao.IProductImgDao.batchInsertProductImg - <==    Updates: 2
2020-05-30 18:26:42.484 [main] DEBUG cn.edu.hznu.dao.IProductDao.insertProduct - ==>  Preparing: INSERT INTO tb_product(product_name,product_desc,img_addr, normal_price,promotion_price,priority,create_time, last_edit_time,enable_status,point,product_category_id, shop_id) VALUES (?,?,?, ?,?,?,?, ?,?,?,?, ?) 
2020-05-30 18:26:42.522 [main] DEBUG cn.edu.hznu.dao.IProductDao.insertProduct - ==> Parameters: 测试插入商品(String), 测试插入商品(String), \20\b9f880a2-a16e-4df7-a67a-ab3261065c9e.jpg(String), null, null, 20(Integer), 2020-05-30 18:26:42.215(Timestamp), 2020-05-30 18:26:42.215(Timestamp), 1(Integer), 20(Integer), 12(Long), 20(Long)
2020-05-30 18:26:42.526 [main] DEBUG cn.edu.hznu.dao.IProductDao.insertProduct - <==    Updates: 1
2020-05-30 18:26:42.649 [main] DEBUG c.e.hznu.dao.IProductImgDao.batchInsertProductImg - ==>  Preparing: INSERT INTO tb_product_img(img_addr,img_desc,priority, create_time,product_id) VALUES ( ?, ?, ?, ?, ? ) , ( ?, ?, ?, ?, ? ) 
2020-05-30 18:26:42.650 [main] DEBUG c.e.hznu.dao.IProductImgDao.batchInsertProductImg - ==> Parameters: \20\e86f5420-748f-4cc7-8917-00852f020114.jpg(String), null, null, 2020-05-30 18:26:42.58(Timestamp), 11(Long), \20\d7f80627-44a8-4047-b778-2f68ca35776c.jpg(String), null, null, 2020-05-30 18:26:42.615(Timestamp), 11(Long)
2020-05-30 18:26:42.651 [main] DEBUG c.e.hznu.dao.IProductImgDao.batchInsertProductImg - <==    Updates: 2
2020-05-30 18:27:32.607 [main] DEBUG cn.edu.hznu.dao.IProductDao.insertProduct - ==>  Preparing: INSERT INTO tb_product(product_name,product_desc,img_addr, normal_price,promotion_price,priority,create_time, last_edit_time,enable_status,point,product_category_id, shop_id) VALUES (?,?,?, ?,?,?,?, ?,?,?,?, ?) 
2020-05-30 18:27:32.647 [main] DEBUG cn.edu.hznu.dao.IProductDao.insertProduct - ==> Parameters: 测试插入商品(String), 测试插入商品(String), \20\47fe3773-938d-4996-a85e-e2cd5442fe99.jpg(String), null, null, 20(Integer), 2020-05-30 18:27:32.397(Timestamp), 2020-05-30 18:27:32.397(Timestamp), 1(Integer), 20(Integer), 12(Long), 20(Long)
2020-05-30 18:27:32.650 [main] DEBUG cn.edu.hznu.dao.IProductDao.insertProduct - <==    Updates: 1
2020-05-30 18:27:32.772 [main] DEBUG c.e.hznu.dao.IProductImgDao.batchInsertProductImg - ==>  Preparing: INSERT INTO tb_product_img(img_addr,img_desc,priority, create_time,product_id) VALUES ( ?, ?, ?, ?, ? ) , ( ?, ?, ?, ?, ? ) 
2020-05-30 18:27:32.773 [main] DEBUG c.e.hznu.dao.IProductImgDao.batchInsertProductImg - ==> Parameters: \20\5c088ea6-0dd8-457b-bbe6-669d41f5c598.jpg(String), null, null, 2020-05-30 18:27:32.702(Timestamp), 12(Long), \20\54b8bef6-74fc-485b-bbfd-003a79e28db8.jpg(String), null, null, 2020-05-30 18:27:32.741(Timestamp), 12(Long)
2020-05-30 18:27:32.774 [main] DEBUG c.e.hznu.dao.IProductImgDao.batchInsertProductImg - <==    Updates: 2
2020-05-30 20:26:54.066 [main] DEBUG cn.edu.hznu.dao.IProductImgDao.queryProductImgList - ==>  Preparing: SELECT product_img_id, img_addr, img_desc, priority, create_time, product_id FROM tb_product_img WHERE product_id=? ORDER BY product_img_id ASC 
2020-05-30 20:26:54.163 [main] DEBUG cn.edu.hznu.dao.IProductImgDao.queryProductImgList - ==> Parameters: 13(Long)
2020-05-30 20:26:54.218 [main] DEBUG cn.edu.hznu.dao.IProductImgDao.queryProductImgList - <==      Total: 1
2020-05-30 20:27:47.629 [main] DEBUG cn.edu.hznu.dao.IProductImgDao.queryProductImgList - ==>  Preparing: SELECT product_img_id, img_addr, img_desc, priority, create_time, product_id FROM tb_product_img WHERE product_id=? ORDER BY product_img_id ASC 
2020-05-30 20:27:47.740 [main] DEBUG cn.edu.hznu.dao.IProductImgDao.queryProductImgList - ==> Parameters: 12(Long)
2020-05-30 20:27:47.790 [main] DEBUG cn.edu.hznu.dao.IProductImgDao.queryProductImgList - <==      Total: 2
2020-05-30 20:29:55.249 [main] DEBUG cn.edu.hznu.dao.IProductImgDao.deleteProductImg - ==>  Preparing: DELETE FROM tb_product_img WHERE product_id = ? 
2020-05-30 20:29:55.312 [main] DEBUG cn.edu.hznu.dao.IProductImgDao.deleteProductImg - ==> Parameters: 13(Long)
2020-05-30 20:29:55.331 [main] DEBUG cn.edu.hznu.dao.IProductImgDao.deleteProductImg - <==    Updates: 1
2020-05-30 20:32:15.223 [main] DEBUG cn.edu.hznu.dao.IProductDao.queryProductList - ==>  Preparing: SELECT product_id, product_name, product_desc, img_addr, normal_price, promotion_price, priority, create_time, last_edit_time, enable_status, point, product_category_id, shop_id FROM tb_product WHERE shop_id = ? ORDER BY priority DESC LIMIT ?,?; 
2020-05-30 20:32:15.264 [main] DEBUG cn.edu.hznu.dao.IProductDao.queryProductList - ==> Parameters: 17(Long), 0(Integer), 999(Integer)
2020-05-30 20:32:15.295 [main] DEBUG cn.edu.hznu.dao.IProductDao.queryProductList - <==      Total: 0
2020-05-30 20:32:38.132 [main] DEBUG cn.edu.hznu.dao.IProductDao.queryProductList - ==>  Preparing: SELECT product_id, product_name, product_desc, img_addr, normal_price, promotion_price, priority, create_time, last_edit_time, enable_status, point, product_category_id, shop_id FROM tb_product WHERE shop_id = ? ORDER BY priority DESC LIMIT ?,?; 
2020-05-30 20:32:38.174 [main] DEBUG cn.edu.hznu.dao.IProductDao.queryProductList - ==> Parameters: 20(Long), 0(Integer), 999(Integer)
2020-05-30 20:32:38.202 [main] DEBUG cn.edu.hznu.dao.IProductDao.queryProductList - <==      Total: 3
